<?xml version="1.0" encoding="UTF-8"?>
<!-- Generated by org.testng.reporters.JUnitXMLReporter -->
<testsuite ignored="7" hostname="DESKTOP-NO6VRSL" failures="0" tests="4" name="Default test" time="9.148" errors="0" timestamp="2025-05-02T21:51:11 PDT">
  <testcase classname="finalProject.finalProject.AppTest" name="changeTheWebsite" time="1.411"/>
  <testcase classname="finalProject.finalProject.AppTest" name="changeTheWebsite" time="0.978"/>
  <testcase classname="finalProject.finalProject.AppTest" name="changeTheWebsite" time="0.93"/>
  <testcase classname="finalProject.finalProject.AppTest" name="changeTheWebsite" time="0.89"/>
  <testcase classname="finalProject.finalProject.AppTest" name="checkWibsiteLanguage" time="0.0">
    <ignored/>
  </testcase> <!-- checkWibsiteLanguage -->
  <testcase classname="finalProject.finalProject.AppTest" name="checkContactNumber" time="0.0">
    <ignored/>
  </testcase> <!-- checkContactNumber -->
  <testcase classname="finalProject.finalProject.AppTest" name="flightReturnDate" time="0.0">
    <ignored/>
  </testcase> <!-- flightReturnDate -->
  <testcase classname="finalProject.finalProject.AppTest" name="checkQitaflogo" time="0.0">
    <ignored/>
  </testcase> <!-- checkQitaflogo -->
  <testcase classname="finalProject.finalProject.AppTest" name="checkCurrency" time="0.0">
    <ignored/>
  </testcase> <!-- checkCurrency -->
  <testcase classname="finalProject.finalProject.AppTest" name="flightDepartureDate" time="0.0">
    <ignored/>
  </testcase> <!-- flightDepartureDate -->
  <testcase classname="finalProject.finalProject.AppTest" name="checkHotelTabIsNotSelected" time="0.0">
    <ignored/>
  </testcase> <!-- checkHotelTabIsNotSelected -->
</testsuite> <!-- Default test -->
