<?xml version="1.0" encoding="UTF-8"?>
<testng-results ignored="1" total="11" passed="9" failed="1" skipped="0">
  <reporter-output>
  </reporter-output>
  <suite started-at="2025-05-06T22:58:55 PDT" name="Default suite" finished-at="2025-05-06T23:00:18 PDT" duration-ms="83364">
    <groups>
    </groups>
    <test started-at="2025-05-06T22:58:55 PDT" name="Default test" finished-at="2025-05-06T23:00:18 PDT" duration-ms="83364">
      <class name="finalProject.finalProject.AppTest">
        <test-method is-config="true" signature="mySetup()[pri:0, instance:finalProject.finalProject.AppTest@7cbc3762]" started-at="2025-05-06T22:58:55 PDT" name="mySetup" finished-at="2025-05-06T22:59:01 PDT" duration-ms="5908" status="PASS">
          <reporter-output>
          </reporter-output>
        </test-method> <!-- mySetup -->
        <test-method signature="checkCurrency()[pri:2, instance:finalProject.finalProject.AppTest@7cbc3762]" started-at="2025-05-06T22:59:01 PDT" name="checkCurrency" finished-at="2025-05-06T22:59:01 PDT" duration-ms="117" status="PASS">
          <reporter-output>
          </reporter-output>
        </test-method> <!-- checkCurrency -->
        <test-method signature="checkContactNumber()[pri:3, instance:finalProject.finalProject.AppTest@7cbc3762]" started-at="2025-05-06T22:59:01 PDT" name="checkContactNumber" finished-at="2025-05-06T22:59:01 PDT" duration-ms="51" status="PASS">
          <reporter-output>
          </reporter-output>
        </test-method> <!-- checkContactNumber -->
        <test-method signature="checkQitaflogo()[pri:4, instance:finalProject.finalProject.AppTest@7cbc3762]" started-at="2025-05-06T22:59:01 PDT" name="checkQitaflogo" finished-at="2025-05-06T22:59:01 PDT" duration-ms="86" status="PASS">
          <reporter-output>
          </reporter-output>
        </test-method> <!-- checkQitaflogo -->
        <test-method signature="checkHotelTabIsNotSelected()[pri:5, instance:finalProject.finalProject.AppTest@7cbc3762]" started-at="2025-05-06T22:59:01 PDT" name="checkHotelTabIsNotSelected" finished-at="2025-05-06T22:59:01 PDT" duration-ms="33" status="PASS">
          <reporter-output>
          </reporter-output>
        </test-method> <!-- checkHotelTabIsNotSelected -->
        <test-method signature="flightDepartureDate()[pri:6, instance:finalProject.finalProject.AppTest@7cbc3762]" started-at="2025-05-06T22:59:01 PDT" name="flightDepartureDate" finished-at="2025-05-06T22:59:01 PDT" duration-ms="51" status="PASS">
          <reporter-output>
          </reporter-output>
        </test-method> <!-- flightDepartureDate -->
        <test-method signature="flightReturnDate()[pri:7, instance:finalProject.finalProject.AppTest@7cbc3762]" started-at="2025-05-06T22:59:01 PDT" name="flightReturnDate" finished-at="2025-05-06T22:59:01 PDT" duration-ms="38" status="PASS">
          <reporter-output>
          </reporter-output>
        </test-method> <!-- flightReturnDate -->
        <test-method signature="changeTheWebsite()[pri:8, instance:finalProject.finalProject.AppTest@7cbc3762]" started-at="2025-05-06T22:59:01 PDT" name="changeTheWebsite" finished-at="2025-05-06T22:59:03 PDT" duration-ms="2069" status="PASS">
          <reporter-output>
          </reporter-output>
        </test-method> <!-- changeTheWebsite -->
        <test-method signature="hotelTab()[pri:9, instance:finalProject.finalProject.AppTest@7cbc3762]" started-at="2025-05-06T22:59:03 PDT" name="hotelTab" finished-at="2025-05-06T22:59:06 PDT" duration-ms="2374" status="PASS">
          <reporter-output>
          </reporter-output>
        </test-method> <!-- hotelTab -->
        <test-method signature="hotelSearchBox()[pri:10, instance:finalProject.finalProject.AppTest@7cbc3762]" started-at="2025-05-06T22:59:06 PDT" name="hotelSearchBox" finished-at="2025-05-06T23:00:08 PDT" duration-ms="62463" status="PASS">
          <reporter-output>
          </reporter-output>
        </test-method> <!-- hotelSearchBox -->
        <test-method signature="checkThResultItsIsretrived()[pri:11, instance:finalProject.finalProject.AppTest@7cbc3762]" started-at="2025-05-06T23:00:08 PDT" name="checkThResultItsIsretrived" finished-at="2025-05-06T23:00:18 PDT" duration-ms="10027" status="FAIL">
          <exception class="org.openqa.selenium.NoSuchSessionException">
            <message>
              <![CDATA[invalid session id: session deleted as the browser has closed the connection
from disconnected: not connected to DevTools
  (Session info: chrome=135.0.7049.115)
Build info: version: '4.31.0', revision: '1ef9f18787*'
System info: os.name: 'Windows 10', os.arch: 'amd64', os.version: '10.0', java.version: '21.0.6'
Driver info: org.openqa.selenium.chrome.ChromeDriver
Command: [3c4900b6d7cd01149a1925fce5a50292, findElement {using=xpath, value=//span[@data-testid='srp_properties_found']}]
Capabilities {acceptInsecureCerts: false, browserName: chrome, browserVersion: 135.0.7049.115, chrome: {chromedriverVersion: 135.0.7049.114 (63fd8a7d9d0..., userDataDir: C:\Users\AMERNA~1\AppData\L...}, fedcm:accounts: true, goog:chromeOptions: {debuggerAddress: localhost:56818}, networkConnectionEnabled: false, pageLoadStrategy: normal, platformName: windows, proxy: Proxy(), se:cdp: ws://localhost:56818/devtoo..., se:cdpVersion: 135.0.7049.115, setWindowRect: true, strictFileInteractability: false, timeouts: {implicit: 0, pageLoad: 300000, script: 30000}, unhandledPromptBehavior: dismiss and notify, webauthn:extension:credBlob: true, webauthn:extension:largeBlob: true, webauthn:extension:minPinLength: true, webauthn:extension:prf: true, webauthn:virtualAuthenticators: true}
Session ID: 3c4900b6d7cd01149a1925fce5a50292]]>
            </message>
            <full-stacktrace>
              <![CDATA[org.openqa.selenium.NoSuchSessionException: invalid session id: session deleted as the browser has closed the connection
from disconnected: not connected to DevTools
  (Session info: chrome=135.0.7049.115)
Build info: version: '4.31.0', revision: '1ef9f18787*'
System info: os.name: 'Windows 10', os.arch: 'amd64', os.version: '10.0', java.version: '21.0.6'
Driver info: org.openqa.selenium.chrome.ChromeDriver
Command: [3c4900b6d7cd01149a1925fce5a50292, findElement {using=xpath, value=//span[@data-testid='srp_properties_found']}]
Capabilities {acceptInsecureCerts: false, browserName: chrome, browserVersion: 135.0.7049.115, chrome: {chromedriverVersion: 135.0.7049.114 (63fd8a7d9d0..., userDataDir: C:\Users\AMERNA~1\AppData\L...}, fedcm:accounts: true, goog:chromeOptions: {debuggerAddress: localhost:56818}, networkConnectionEnabled: false, pageLoadStrategy: normal, platformName: windows, proxy: Proxy(), se:cdp: ws://localhost:56818/devtoo..., se:cdpVersion: 135.0.7049.115, setWindowRect: true, strictFileInteractability: false, timeouts: {implicit: 0, pageLoad: 300000, script: 30000}, unhandledPromptBehavior: dismiss and notify, webauthn:extension:credBlob: true, webauthn:extension:largeBlob: true, webauthn:extension:minPinLength: true, webauthn:extension:prf: true, webauthn:virtualAuthenticators: true}
Session ID: 3c4900b6d7cd01149a1925fce5a50292
at java.base/jdk.internal.reflect.DirectConstructorHandleAccessor.newInstance(DirectConstructorHandleAccessor.java:62)
at java.base/java.lang.reflect.Constructor.newInstanceWithCaller(Constructor.java:502)
at java.base/java.lang.reflect.Constructor.newInstance(Constructor.java:486)
at org.openqa.selenium.remote.ErrorCodec.decode(ErrorCodec.java:167)
at org.openqa.selenium.remote.codec.w3c.W3CHttpResponseCodec.decode(W3CHttpResponseCodec.java:138)
at org.openqa.selenium.remote.codec.w3c.W3CHttpResponseCodec.decode(W3CHttpResponseCodec.java:50)
at org.openqa.selenium.remote.HttpCommandExecutor.execute(HttpCommandExecutor.java:215)
at org.openqa.selenium.remote.service.DriverCommandExecutor.invokeExecute(DriverCommandExecutor.java:216)
at org.openqa.selenium.remote.service.DriverCommandExecutor.execute(DriverCommandExecutor.java:174)
at org.openqa.selenium.remote.RemoteWebDriver.execute(RemoteWebDriver.java:545)
at org.openqa.selenium.remote.ElementLocation$ElementFinder$2.findElement(ElementLocation.java:165)
at org.openqa.selenium.remote.ElementLocation.findElement(ElementLocation.java:59)
at org.openqa.selenium.remote.RemoteWebDriver.findElement(RemoteWebDriver.java:368)
at org.openqa.selenium.remote.RemoteWebDriver.findElement(RemoteWebDriver.java:362)
at finalProject.finalProject.AppTest.checkThResultItsIsretrived(AppTest.java:131)
at java.base/jdk.internal.reflect.DirectMethodHandleAccessor.invoke(DirectMethodHandleAccessor.java:103)
at java.base/java.lang.reflect.Method.invoke(Method.java:580)
at org.testng.internal.invokers.MethodInvocationHelper.invokeMethod(MethodInvocationHelper.java:141)
at org.testng.internal.invokers.TestInvoker.invokeMethod(TestInvoker.java:687)
at org.testng.internal.invokers.TestInvoker.invokeTestMethod(TestInvoker.java:230)
at org.testng.internal.invokers.MethodRunner.runInSequence(MethodRunner.java:63)
at org.testng.internal.invokers.TestInvoker$MethodInvocationAgent.invoke(TestInvoker.java:995)
at org.testng.internal.invokers.TestInvoker.invokeTestMethods(TestInvoker.java:203)
at org.testng.internal.invokers.TestMethodWorker.invokeTestMethods(TestMethodWorker.java:154)
at org.testng.internal.invokers.TestMethodWorker.run(TestMethodWorker.java:134)
at java.base/java.util.ArrayList.forEach(ArrayList.java:1596)
at org.testng.TestRunner.privateRun(TestRunner.java:741)
at org.testng.TestRunner.run(TestRunner.java:616)
at org.testng.SuiteRunner.runTest(SuiteRunner.java:421)
at org.testng.SuiteRunner.runSequentially(SuiteRunner.java:413)
at org.testng.SuiteRunner.privateRun(SuiteRunner.java:373)
at org.testng.SuiteRunner.run(SuiteRunner.java:312)
at org.testng.SuiteRunnerWorker.runSuite(SuiteRunnerWorker.java:52)
at org.testng.SuiteRunnerWorker.run(SuiteRunnerWorker.java:95)
at org.testng.TestNG.runSuitesSequentially(TestNG.java:1274)
at org.testng.TestNG.runSuitesLocally(TestNG.java:1208)
at org.testng.TestNG.runSuites(TestNG.java:1112)
at org.testng.TestNG.run(TestNG.java:1079)
at org.testng.remote.AbstractRemoteTestNG.run(AbstractRemoteTestNG.java:115)
at org.testng.remote.RemoteTestNG.initAndRun(RemoteTestNG.java:293)
at org.testng.remote.RemoteTestNG.main(RemoteTestNG.java:91)
]]>
            </full-stacktrace>
          </exception> <!-- org.openqa.selenium.NoSuchSessionException -->
          <reporter-output>
          </reporter-output>
        </test-method> <!-- checkThResultItsIsretrived -->
        <test-method is-config="true" signature="afterTheTest()[pri:0, instance:finalProject.finalProject.AppTest@7cbc3762]" started-at="2025-05-06T23:00:18 PDT" name="afterTheTest" finished-at="2025-05-06T23:00:18 PDT" duration-ms="1" status="PASS">
          <reporter-output>
          </reporter-output>
        </test-method> <!-- afterTheTest -->
      </class> <!-- finalProject.finalProject.AppTest -->
    </test> <!-- Default test -->
  </suite> <!-- Default suite -->
</testng-results>
